{"/Users/revamoolky/underoneroof/underoneroof/packages/react-frontend/src/routes/ChoreForm.jsx": {"path":"/Users/revamoolky/underoneroof/underoneroof/packages/react-frontend/src/routes/ChoreForm.jsx","statementMap":{"0":{"start":{"line":5,"column":28},"end":{"line":9,"column":4}},"1":{"start":{"line":12,"column":28},"end":{"line":12,"column":40}},"2":{"start":{"line":13,"column":4},"end":{"line":26,"column":9}},"3":{"start":{"line":14,"column":6},"end":{"line":14,"column":78}},"4":{"start":{"line":15,"column":9},"end":{"line":26,"column":9}},"5":{"start":{"line":16,"column":6},"end":{"line":20,"column":9}},"6":{"start":{"line":22,"column":6},"end":{"line":26,"column":9}},"7":{"start":{"line":30,"column":4},"end":{"line":30,"column":30}},"8":{"start":{"line":31,"column":4},"end":{"line":31,"column":51}},"9":{"start":{"line":34,"column":2},"end":{"line":67,"column":4}}},"fnMap":{"0":{"name":"ChoreForm","decl":{"start":{"line":4,"column":9},"end":{"line":4,"column":18}},"loc":{"start":{"line":4,"column":26},"end":{"line":68,"column":1}},"line":4},"1":{"name":"handleChange","decl":{"start":{"line":11,"column":11},"end":{"line":11,"column":23}},"loc":{"start":{"line":11,"column":31},"end":{"line":27,"column":3}},"line":11},"2":{"name":"submitForm","decl":{"start":{"line":29,"column":11},"end":{"line":29,"column":21}},"loc":{"start":{"line":29,"column":24},"end":{"line":32,"column":3}},"line":29}},"branchMap":{"0":{"loc":{"start":{"line":13,"column":4},"end":{"line":26,"column":9}},"type":"if","locations":[{"start":{"line":13,"column":4},"end":{"line":26,"column":9}},{"start":{"line":15,"column":9},"end":{"line":26,"column":9}}],"line":13},"1":{"loc":{"start":{"line":15,"column":9},"end":{"line":26,"column":9}},"type":"if","locations":[{"start":{"line":15,"column":9},"end":{"line":26,"column":9}},{"start":{"line":22,"column":6},"end":{"line":26,"column":9}}],"line":15}},"s":{"0":12,"1":6,"2":6,"3":2,"4":4,"5":2,"6":2,"7":1,"8":1,"9":12},"f":{"0":12,"1":6,"2":1},"b":{"0":[2,4],"1":[2,2]},"_coverageSchema":"1a1c01bbd47fc00a2c39e90264f33305004495a9","hash":"05d093343025d87802aa5f903c11a649457ad8f4"}
,"/Users/revamoolky/underoneroof/underoneroof/packages/react-frontend/src/routes/EventForm.jsx": {"path":"/Users/revamoolky/underoneroof/underoneroof/packages/react-frontend/src/routes/EventForm.jsx","statementMap":{"0":{"start":{"line":4,"column":28},"end":{"line":10,"column":4}},"1":{"start":{"line":13,"column":28},"end":{"line":13,"column":40}},"2":{"start":{"line":14,"column":4},"end":{"line":17,"column":8}},"3":{"start":{"line":14,"column":27},"end":{"line":17,"column":5}},"4":{"start":{"line":21,"column":4},"end":{"line":21,"column":30}},"5":{"start":{"line":22,"column":4},"end":{"line":22,"column":76}},"6":{"start":{"line":25,"column":2},"end":{"line":69,"column":4}}},"fnMap":{"0":{"name":"EventForm","decl":{"start":{"line":3,"column":9},"end":{"line":3,"column":18}},"loc":{"start":{"line":3,"column":26},"end":{"line":70,"column":1}},"line":3},"1":{"name":"handleChange","decl":{"start":{"line":12,"column":11},"end":{"line":12,"column":23}},"loc":{"start":{"line":12,"column":31},"end":{"line":18,"column":3}},"line":12},"2":{"name":"(anonymous_2)","decl":{"start":{"line":14,"column":13},"end":{"line":14,"column":14}},"loc":{"start":{"line":14,"column":27},"end":{"line":17,"column":5}},"line":14},"3":{"name":"submitForm","decl":{"start":{"line":20,"column":11},"end":{"line":20,"column":21}},"loc":{"start":{"line":20,"column":24},"end":{"line":23,"column":3}},"line":20}},"branchMap":{},"s":{"0":18,"1":10,"2":10,"3":10,"4":1,"5":1,"6":18},"f":{"0":18,"1":10,"2":10,"3":1},"b":{},"_coverageSchema":"1a1c01bbd47fc00a2c39e90264f33305004495a9","hash":"7e3848cda479ec92d372451e4d221b256dab2c14"}
}
