TN:
SF:src/routes/ChoreForm.jsx
FN:4,ChoreForm
FN:11,handleChange
FN:29,submitForm
FNF:3
FNH:3
FNDA:12,ChoreForm
FNDA:6,handleChange
FNDA:1,submitForm
DA:5,12
DA:12,6
DA:13,6
DA:14,2
DA:15,4
DA:16,2
DA:22,2
DA:30,1
DA:31,1
DA:34,12
LF:10
LH:10
BRDA:13,0,0,2
BRDA:13,0,1,4
BRDA:15,1,0,2
BRDA:15,1,1,2
BRF:4
BRH:4
end_of_record
TN:
SF:src/routes/EventForm.jsx
FN:3,EventForm
FN:12,handleChange
FN:14,(anonymous_2)
FN:20,submitForm
FNF:4
FNH:4
FNDA:18,EventForm
FNDA:10,handleChange
FNDA:10,(anonymous_2)
FNDA:1,submitForm
DA:4,18
DA:13,10
DA:14,10
DA:21,1
DA:22,1
DA:25,18
LF:6
LH:6
BRF:0
BRH:0
end_of_record
